03-30 15:16:11 model_name: GCN
03-30 15:16:11 sample_length: 9
03-30 15:16:11 data_name: SKABMDPath
03-30 15:16:11 Input_type: TD
03-30 15:16:11 data_dir: ./data/SKABMD
03-30 15:16:11 cuda_device: 0
03-30 15:16:11 checkpoint_dir: ./checkpoint
03-30 15:16:11 batch_size: 64
03-30 15:16:11 num_workers: 0
03-30 15:16:11 overlapping_number: 0
03-30 15:16:11 task: Graph
03-30 15:16:11 pooltype: EdgePool
03-30 15:16:11 metric: 0
03-30 15:16:11 layer_num_last: 0
03-30 15:16:11 opt: sgd
03-30 15:16:11 lr: 0.01
03-30 15:16:11 momentum: 0.9
03-30 15:16:11 weight_decay: 0.0005
03-30 15:16:11 lr_scheduler: step
03-30 15:16:11 gamma: 0.1
03-30 15:16:11 steps: 9
03-30 15:16:11 resume: 
03-30 15:16:11 max_model_num: 1
03-30 15:16:11 max_epoch: 100
03-30 15:16:11 print_step: 100
03-30 15:16:11 using 1 cpu
