03-17 10:56:22 model_name: GCN
03-17 10:56:22 sample_length: 9
03-17 10:56:22 data_name: SKABMDKnn
03-17 10:56:22 Input_type: TD
03-17 10:56:22 data_dir: ./data/SKABMD
03-17 10:56:22 cuda_device: 0
03-17 10:56:22 checkpoint_dir: ./checkpoint
03-17 10:56:22 batch_size: 64
03-17 10:56:22 num_workers: 0
03-17 10:56:22 overlapping_number: 1
03-17 10:56:22 task: Graph
03-17 10:56:22 pooltype: EdgePool
03-17 10:56:22 metric: 0
03-17 10:56:22 layer_num_last: 0
03-17 10:56:22 opt: sgd
03-17 10:56:22 lr: 0.01
03-17 10:56:22 momentum: 0.9
03-17 10:56:22 weight_decay: 0.0005
03-17 10:56:22 lr_scheduler: step
03-17 10:56:22 gamma: 0.1
03-17 10:56:22 steps: 9
03-17 10:56:22 resume: 
03-17 10:56:22 max_model_num: 1
03-17 10:56:22 max_epoch: 50
03-17 10:56:22 print_step: 100
03-17 10:56:22 using 1 cpu
03-17 10:59:03 -----Epoch 0/49-----
03-17 10:59:03 current lr: [0.01]
03-17 11:02:29 Epoch: 0 train-Loss: 0.2069 train-F1Score: 0.9180 train-missing_rate:0.0365 train-false_rate:0.0519 Cost 205.6778 sec
03-17 11:02:56 Epoch: 0 val-Loss: 0.0821 val-F1Score: 0.9295 val-missing_rate:0.0606 val-false_rate:0.0858 Cost 27.1514 sec
03-17 11:02:56 save best model epoch 0, acc 0.9295
03-17 11:02:56 -----Epoch 1/49-----
03-17 11:02:56 current lr: [0.01]
03-17 11:04:55 Epoch: 1 train-Loss: 0.1496 train-F1Score: 0.9490 train-missing_rate:0.0238 train-false_rate:0.0307 Cost 118.0138 sec
03-17 11:05:12 Epoch: 1 val-Loss: 0.0707 val-F1Score: 0.9543 val-missing_rate:0.0411 val-false_rate:0.0512 Cost 17.6473 sec
03-17 11:05:12 save best model epoch 1, acc 0.9543
03-17 11:05:12 -----Epoch 2/49-----
03-17 11:05:12 current lr: [0.01]
03-17 11:07:38 Epoch: 2 train-Loss: 0.1341 train-F1Score: 0.9543 train-missing_rate:0.0215 train-false_rate:0.0273 Cost 145.6893 sec
03-17 11:08:10 Epoch: 2 val-Loss: 0.0722 val-F1Score: 0.9594 val-missing_rate:0.0362 val-false_rate:0.0461 Cost 32.2441 sec
03-17 11:08:10 save best model epoch 2, acc 0.9594
03-17 11:08:10 -----Epoch 3/49-----
03-17 11:08:10 current lr: [0.01]
03-17 11:11:23 Epoch: 3 train-Loss: 0.1408 train-F1Score: 0.9501 train-missing_rate:0.0240 train-false_rate:0.0293 Cost 193.0796 sec
03-17 11:11:51 Epoch: 3 val-Loss: 0.0791 val-F1Score: 0.9559 val-missing_rate:0.0403 val-false_rate:0.0495 Cost 27.7503 sec
03-17 11:11:51 -----Epoch 4/49-----
03-17 11:11:51 current lr: [0.01]
03-17 11:15:08 Epoch: 4 train-Loss: 0.1202 train-F1Score: 0.9598 train-missing_rate:0.0199 train-false_rate:0.0229 Cost 197.0857 sec
03-17 11:15:31 Epoch: 4 val-Loss: 0.0891 val-F1Score: 0.9615 val-missing_rate:0.0370 val-false_rate:0.0381 Cost 22.4956 sec
03-17 11:15:31 save best model epoch 4, acc 0.9615
03-17 11:15:31 -----Epoch 5/49-----
03-17 11:15:31 current lr: [0.001]
03-17 11:19:04 Epoch: 5 train-Loss: 0.1018 train-F1Score: 0.9663 train-missing_rate:0.0175 train-false_rate:0.0184 Cost 212.9296 sec
03-17 11:19:36 Epoch: 5 val-Loss: 0.0556 val-F1Score: 0.9685 val-missing_rate:0.0304 val-false_rate:0.0317 Cost 31.7902 sec
03-17 11:19:36 save best model epoch 5, acc 0.9685
03-17 11:19:36 -----Epoch 6/49-----
03-17 11:19:36 current lr: [0.001]
03-17 11:23:02 Epoch: 6 train-Loss: 0.0954 train-F1Score: 0.9684 train-missing_rate:0.0151 train-false_rate:0.0186 Cost 205.7999 sec
03-17 11:23:32 Epoch: 6 val-Loss: 0.0595 val-F1Score: 0.9701 val-missing_rate:0.0268 val-false_rate:0.0321 Cost 30.7802 sec
03-17 11:23:32 save best model epoch 6, acc 0.9701
03-17 11:23:33 -----Epoch 7/49-----
03-17 11:23:33 current lr: [0.001]
03-17 11:26:52 Epoch: 7 train-Loss: 0.0855 train-F1Score: 0.9718 train-missing_rate:0.0136 train-false_rate:0.0163 Cost 199.0450 sec
03-17 11:27:22 Epoch: 7 val-Loss: 0.0557 val-F1Score: 0.9738 val-missing_rate:0.0230 val-false_rate:0.0289 Cost 30.5603 sec
03-17 11:27:22 save best model epoch 7, acc 0.9738
03-17 11:27:22 -----Epoch 8/49-----
03-17 11:27:22 current lr: [0.001]
03-17 11:30:42 Epoch: 8 train-Loss: 0.0886 train-F1Score: 0.9705 train-missing_rate:0.0139 train-false_rate:0.0175 Cost 200.0597 sec
03-17 11:31:13 Epoch: 8 val-Loss: 0.0572 val-F1Score: 0.9727 val-missing_rate:0.0236 val-false_rate:0.0306 Cost 30.8175 sec
03-17 11:31:13 -----Epoch 9/49-----
03-17 11:31:13 current lr: [0.001]
03-17 11:34:32 Epoch: 9 train-Loss: 0.0858 train-F1Score: 0.9712 train-missing_rate:0.0140 train-false_rate:0.0166 Cost 199.1897 sec
03-17 11:34:59 Epoch: 9 val-Loss: 0.0525 val-F1Score: 0.9731 val-missing_rate:0.0244 val-false_rate:0.0287 Cost 26.1829 sec
03-17 11:34:59 -----Epoch 10/49-----
03-17 11:34:59 current lr: [0.001]
03-17 11:36:26 Epoch: 10 train-Loss: 0.0902 train-F1Score: 0.9685 train-missing_rate:0.0145 train-false_rate:0.0191 Cost 87.7991 sec
03-17 11:36:39 Epoch: 10 val-Loss: 0.0523 val-F1Score: 0.9706 val-missing_rate:0.0253 val-false_rate:0.0330 Cost 12.5468 sec
03-17 11:36:39 -----Epoch 11/49-----
03-17 11:36:39 current lr: [0.001]
03-17 11:38:09 Epoch: 11 train-Loss: 0.0926 train-F1Score: 0.9682 train-missing_rate:0.0157 train-false_rate:0.0181 Cost 90.3229 sec
03-17 11:38:22 Epoch: 11 val-Loss: 0.0537 val-F1Score: 0.9704 val-missing_rate:0.0269 val-false_rate:0.0316 Cost 12.7330 sec
03-17 11:38:22 -----Epoch 12/49-----
03-17 11:38:22 current lr: [0.001]
03-17 11:39:57 Epoch: 12 train-Loss: 0.0838 train-F1Score: 0.9703 train-missing_rate:0.0143 train-false_rate:0.0173 Cost 95.1382 sec
03-17 11:40:10 Epoch: 12 val-Loss: 0.0515 val-F1Score: 0.9721 val-missing_rate:0.0251 val-false_rate:0.0298 Cost 12.5669 sec
03-17 11:40:10 -----Epoch 13/49-----
03-17 11:40:10 current lr: [0.001]
03-17 11:41:40 Epoch: 13 train-Loss: 0.0898 train-F1Score: 0.9701 train-missing_rate:0.0139 train-false_rate:0.0180 Cost 90.4747 sec
03-17 11:41:53 Epoch: 13 val-Loss: 0.0523 val-F1Score: 0.9727 val-missing_rate:0.0233 val-false_rate:0.0314 Cost 13.1230 sec
03-17 11:41:54 -----Epoch 14/49-----
03-17 11:41:54 current lr: [0.001]
03-17 11:43:26 Epoch: 14 train-Loss: 0.0900 train-F1Score: 0.9698 train-missing_rate:0.0152 train-false_rate:0.0170 Cost 92.7596 sec
03-17 11:43:42 Epoch: 14 val-Loss: 0.0511 val-F1Score: 0.9725 val-missing_rate:0.0257 val-false_rate:0.0293 Cost 16.1460 sec
03-17 11:43:42 -----Epoch 15/49-----
03-17 11:43:42 current lr: [0.001]
03-17 11:45:26 Epoch: 15 train-Loss: 0.0813 train-F1Score: 0.9727 train-missing_rate:0.0123 train-false_rate:0.0168 Cost 103.9187 sec
03-17 11:45:45 Epoch: 15 val-Loss: 0.0502 val-F1Score: 0.9748 val-missing_rate:0.0212 val-false_rate:0.0290 Cost 18.7238 sec
03-17 11:45:45 save best model epoch 15, acc 0.9748
03-17 11:45:45 -----Epoch 16/49-----
03-17 11:45:45 current lr: [0.001]
03-17 11:47:20 Epoch: 16 train-Loss: 0.0818 train-F1Score: 0.9719 train-missing_rate:0.0135 train-false_rate:0.0164 Cost 94.6194 sec
03-17 11:47:33 Epoch: 16 val-Loss: 0.0503 val-F1Score: 0.9743 val-missing_rate:0.0226 val-false_rate:0.0288 Cost 12.7950 sec
03-17 11:47:33 -----Epoch 17/49-----
03-17 11:47:33 current lr: [0.001]
03-17 11:49:07 Epoch: 17 train-Loss: 0.0825 train-F1Score: 0.9711 train-missing_rate:0.0134 train-false_rate:0.0174 Cost 94.2527 sec
03-17 11:49:20 Epoch: 17 val-Loss: 0.0479 val-F1Score: 0.9742 val-missing_rate:0.0221 val-false_rate:0.0300 Cost 13.4093 sec
03-17 11:49:20 -----Epoch 18/49-----
03-17 11:49:20 current lr: [0.001]
03-17 11:50:54 Epoch: 18 train-Loss: 0.0873 train-F1Score: 0.9711 train-missing_rate:0.0138 train-false_rate:0.0169 Cost 93.6587 sec
03-17 11:51:08 Epoch: 18 val-Loss: 0.0518 val-F1Score: 0.9725 val-missing_rate:0.0247 val-false_rate:0.0291 Cost 14.4749 sec
03-17 11:51:09 -----Epoch 19/49-----
03-17 11:51:09 current lr: [0.001]
03-17 11:53:12 Epoch: 19 train-Loss: 0.0748 train-F1Score: 0.9743 train-missing_rate:0.0114 train-false_rate:0.0159 Cost 123.1869 sec
03-17 11:53:29 Epoch: 19 val-Loss: 0.0472 val-F1Score: 0.9757 val-missing_rate:0.0200 val-false_rate:0.0278 Cost 16.8382 sec
03-17 11:53:29 save best model epoch 19, acc 0.9757
03-17 11:53:29 -----Epoch 20/49-----
03-17 11:53:29 current lr: [0.001]
03-17 11:55:20 Epoch: 20 train-Loss: 0.0838 train-F1Score: 0.9711 train-missing_rate:0.0133 train-false_rate:0.0175 Cost 111.5012 sec
03-17 11:55:39 Epoch: 20 val-Loss: 0.0507 val-F1Score: 0.9733 val-missing_rate:0.0226 val-false_rate:0.0305 Cost 19.3618 sec
03-17 11:55:40 -----Epoch 21/49-----
03-17 11:55:40 current lr: [0.001]
03-17 11:57:40 Epoch: 21 train-Loss: 0.0803 train-F1Score: 0.9719 train-missing_rate:0.0133 train-false_rate:0.0167 Cost 120.5526 sec
03-17 11:57:57 Epoch: 21 val-Loss: 0.0462 val-F1Score: 0.9739 val-missing_rate:0.0232 val-false_rate:0.0286 Cost 16.4954 sec
03-17 11:57:57 -----Epoch 22/49-----
03-17 11:57:57 current lr: [0.001]
03-17 11:59:42 Epoch: 22 train-Loss: 0.0824 train-F1Score: 0.9725 train-missing_rate:0.0125 train-false_rate:0.0168 Cost 104.9856 sec
03-17 11:59:59 Epoch: 22 val-Loss: 0.0435 val-F1Score: 0.9748 val-missing_rate:0.0213 val-false_rate:0.0290 Cost 17.4047 sec
03-17 11:59:59 -----Epoch 23/49-----
03-17 11:59:59 current lr: [0.001]
03-17 12:01:51 Epoch: 23 train-Loss: 0.0799 train-F1Score: 0.9730 train-missing_rate:0.0119 train-false_rate:0.0170 Cost 112.1688 sec
03-17 12:02:07 Epoch: 23 val-Loss: 0.0454 val-F1Score: 0.9757 val-missing_rate:0.0195 val-false_rate:0.0295 Cost 16.2210 sec
03-17 12:02:07 save best model epoch 23, acc 0.9757
03-17 12:02:08 -----Epoch 24/49-----
03-17 12:02:08 current lr: [0.001]
03-17 12:03:55 Epoch: 24 train-Loss: 0.0825 train-F1Score: 0.9716 train-missing_rate:0.0137 train-false_rate:0.0165 Cost 107.0807 sec
03-17 12:04:11 Epoch: 24 val-Loss: 0.0447 val-F1Score: 0.9744 val-missing_rate:0.0232 val-false_rate:0.0282 Cost 16.3392 sec
03-17 12:04:11 -----Epoch 25/49-----
03-17 12:04:11 current lr: [0.001]
03-17 12:06:04 Epoch: 25 train-Loss: 0.0762 train-F1Score: 0.9736 train-missing_rate:0.0115 train-false_rate:0.0166 Cost 113.3557 sec
03-17 12:06:21 Epoch: 25 val-Loss: 0.0423 val-F1Score: 0.9760 val-missing_rate:0.0197 val-false_rate:0.0284 Cost 16.1920 sec
03-17 12:06:21 save best model epoch 25, acc 0.9760
03-17 12:06:21 -----Epoch 26/49-----
03-17 12:06:21 current lr: [0.001]
03-17 12:08:18 Epoch: 26 train-Loss: 0.0801 train-F1Score: 0.9736 train-missing_rate:0.0114 train-false_rate:0.0168 Cost 117.1380 sec
03-17 12:08:33 Epoch: 26 val-Loss: 0.0474 val-F1Score: 0.9758 val-missing_rate:0.0194 val-false_rate:0.0290 Cost 15.5769 sec
03-17 12:08:33 -----Epoch 27/49-----
03-17 12:08:33 current lr: [0.001]
03-17 12:10:30 Epoch: 27 train-Loss: 0.0863 train-F1Score: 0.9705 train-missing_rate:0.0136 train-false_rate:0.0178 Cost 116.4903 sec
03-17 12:10:52 Epoch: 27 val-Loss: 0.0463 val-F1Score: 0.9734 val-missing_rate:0.0232 val-false_rate:0.0303 Cost 21.8918 sec
03-17 12:10:52 -----Epoch 28/49-----
03-17 12:10:52 current lr: [0.001]
03-17 12:13:01 Epoch: 28 train-Loss: 0.0763 train-F1Score: 0.9735 train-missing_rate:0.0121 train-false_rate:0.0162 Cost 128.8730 sec
03-17 12:13:18 Epoch: 28 val-Loss: 0.0450 val-F1Score: 0.9762 val-missing_rate:0.0199 val-false_rate:0.0281 Cost 16.9952 sec
03-17 12:13:18 save best model epoch 28, acc 0.9762
03-17 12:13:18 -----Epoch 29/49-----
03-17 12:13:18 current lr: [0.001]
03-17 12:15:25 Epoch: 29 train-Loss: 0.0802 train-F1Score: 0.9724 train-missing_rate:0.0122 train-false_rate:0.0172 Cost 127.2929 sec
03-17 12:15:41 Epoch: 29 val-Loss: 0.0429 val-F1Score: 0.9749 val-missing_rate:0.0209 val-false_rate:0.0294 Cost 16.3730 sec
03-17 12:15:41 -----Epoch 30/49-----
03-17 12:15:41 current lr: [0.001]
03-17 12:17:51 Epoch: 30 train-Loss: 0.0758 train-F1Score: 0.9738 train-missing_rate:0.0123 train-false_rate:0.0157 Cost 129.1264 sec
03-17 12:18:07 Epoch: 30 val-Loss: 0.0404 val-F1Score: 0.9760 val-missing_rate:0.0206 val-false_rate:0.0273 Cost 16.7745 sec
03-17 12:18:07 -----Epoch 31/49-----
03-17 12:18:07 current lr: [0.001]
03-17 12:20:07 Epoch: 31 train-Loss: 0.0741 train-F1Score: 0.9742 train-missing_rate:0.0109 train-false_rate:0.0166 Cost 119.3478 sec
03-17 12:20:23 Epoch: 31 val-Loss: 0.0422 val-F1Score: 0.9770 val-missing_rate:0.0183 val-false_rate:0.0283 Cost 16.1121 sec
03-17 12:20:23 save best model epoch 31, acc 0.9770
03-17 12:20:23 -----Epoch 32/49-----
03-17 12:20:23 current lr: [0.001]
