03-03 12:34:54 model_name: GCN
03-03 12:34:54 sample_length: 9
03-03 12:34:54 data_name: SKABKnn
03-03 12:34:54 Input_type: TD
03-03 12:34:54 data_dir: ./data/SKAB
03-03 12:34:54 cuda_device: 0
03-03 12:34:54 checkpoint_dir: ./checkpointx
03-03 12:34:54 batch_size: 64
03-03 12:34:54 num_workers: 0
03-03 12:34:54 task: Node
03-03 12:34:54 pooltype: EdgePool
03-03 12:34:54 layer_num_last: 0
03-03 12:34:54 opt: sgd
03-03 12:34:54 lr: 0.01
03-03 12:34:54 momentum: 0.9
03-03 12:34:54 weight_decay: 0.0005
03-03 12:34:54 lr_scheduler: step
03-03 12:34:54 gamma: 0.1
03-03 12:34:54 steps: 9
03-03 12:34:54 resume: 
03-03 12:34:54 max_model_num: 1
03-03 12:34:54 max_epoch: 100
03-03 12:34:54 print_step: 100
03-03 12:34:54 using 1 cpu
03-03 12:35:03 -----Epoch 0/99-----
03-03 12:35:03 current lr: [0.01]
