03-03 12:06:02 model_name: GCN
03-03 12:06:02 sample_length: 9
03-03 12:06:02 data_name: SKABMDRadius
03-03 12:06:02 Input_type: TD
03-03 12:06:02 data_dir: ./data/SKABMD
03-03 12:06:02 cuda_device: 0
03-03 12:06:02 checkpoint_dir: ./checkpointx
03-03 12:06:02 batch_size: 64
03-03 12:06:02 num_workers: 0
03-03 12:06:02 task: Graph
03-03 12:06:02 pooltype: EdgePool
03-03 12:06:02 layer_num_last: 0
03-03 12:06:02 opt: sgd
03-03 12:06:02 lr: 0.01
03-03 12:06:02 momentum: 0.9
03-03 12:06:02 weight_decay: 0.0005
03-03 12:06:02 lr_scheduler: step
03-03 12:06:02 gamma: 0.1
03-03 12:06:02 steps: 9
03-03 12:06:02 resume: 
03-03 12:06:02 max_model_num: 1
03-03 12:06:02 max_epoch: 100
03-03 12:06:02 print_step: 100
03-03 12:06:02 using 1 cpu
03-03 12:06:10 -----Epoch 0/99-----
03-03 12:06:10 current lr: [0.01]
03-03 12:06:11 Epoch: 0, Train Loss: 0.6972 Train Acc: 0.4688,272.9 examples/sec 0.23 sec/batch
